<?xml version="1.0" encoding="UTF-8"?>
<!-- Generated by org.testng.reporters.JUnitReportReporter -->
<testsuite hostname="KYUNGDUCK-PC" name="com.naver.main.kin.s02_내소식.suite_01_내소식_프로필_Test" tests="7" failures="0" timestamp="5 Aug 2014 09:20:07 GMT" time="16.731" errors="0">
  <testcase name="TC_05_내소식_X버튼_Test" time="0.224" classname="com.naver.main.kin.s02_내소식.suite_01_내소식_프로필_Test"/>
  <testcase name="TC_07_내소식_TOP" time="2.338" classname="com.naver.main.kin.s02_내소식.suite_01_내소식_프로필_Test"/>
  <testcase name="TC_03_내소식_사용자정보접기_Test" time="1.932" classname="com.naver.main.kin.s02_내소식.suite_01_내소식_프로필_Test"/>
  <testcase name="TC_04_내소식_내소식_Test" time="4.317" classname="com.naver.main.kin.s02_내소식.suite_01_내소식_프로필_Test"/>
  <testcase name="TC_06_내소식_지난소식더보기_Test" time="1.991" classname="com.naver.main.kin.s02_내소식.suite_01_내소식_프로필_Test"/>
  <testcase name="TC_02_내소식_사용자정보펼치기_Test" time="2.234" classname="com.naver.main.kin.s02_내소식.suite_01_내소식_프로필_Test"/>
  <testcase name="TC_01_내소식_프로필정보_Test" time="3.695" classname="com.naver.main.kin.s02_내소식.suite_01_내소식_프로필_Test"/>
</testsuite> <!-- com.naver.main.kin.s02_내소식.suite_01_내소식_프로필_Test -->
