<?xml version="1.0" encoding="UTF-8"?>
<!-- Generated by org.testng.reporters.JUnitReportReporter -->
<testsuite hostname="KYUNGDUCK-PC" name="com.naver.main.test.Case01_SimpleTest" tests="1" failures="0" timestamp="29 Jul 2014 02:40:55 GMT" time="6.283" errors="0">
  <testcase name="simpletest01" time="6.283" classname="com.naver.main.test.Case01_SimpleTest"/>
</testsuite> <!-- com.naver.main.test.Case01_SimpleTest -->
