<?xml version="1.0" encoding="UTF-8"?>
<!-- Generated by org.testng.reporters.JUnitReportReporter -->
<testsuite hostname="KYUNGDUCK-PC" name="com.naver.main.kin.s01_지식iN홈.suite_03_지식iN홈_Footer_Test" tests="7" failures="0" timestamp="5 Aug 2014 02:20:23 GMT" time="30.574" errors="0">
  <testcase name="TC_02_Footer_PC버전_Test" time="6.507" classname="com.naver.main.kin.s01_지식iN홈.suite_03_지식iN홈_Footer_Test"/>
  <testcase name="TC_06_Footer_오류신고_Test" time="3.755" classname="com.naver.main.kin.s01_지식iN홈.suite_03_지식iN홈_Footer_Test"/>
  <testcase name="TC_05_Footer_지식iN고객센터_Test" time="5.077" classname="com.naver.main.kin.s01_지식iN홈.suite_03_지식iN홈_Footer_Test"/>
  <testcase name="TC_07_Footer_NHN_Test" time="4.198" classname="com.naver.main.kin.s01_지식iN홈.suite_03_지식iN홈_Footer_Test"/>
  <testcase name="TC_01_Footer_로그아웃_Test" time="2.316" classname="com.naver.main.kin.s01_지식iN홈.suite_03_지식iN홈_Footer_Test"/>
  <testcase name="TC_04_Footer_전체서비스_Test" time="3.761" classname="com.naver.main.kin.s01_지식iN홈.suite_03_지식iN홈_Footer_Test"/>
  <testcase name="TC_03_Footer_전체앱_Test" time="4.960" classname="com.naver.main.kin.s01_지식iN홈.suite_03_지식iN홈_Footer_Test"/>
</testsuite> <!-- com.naver.main.kin.s01_지식iN홈.suite_03_지식iN홈_Footer_Test -->
